[0.356s] Invoking command in '/home/farraj/ros2_ws/src/task': PYTHONPATH=/home/farraj/ros2_ws/src/task/build/task/prefix_override:/home/farraj/ros2_ws/src/task/install/task/lib/python3.10/site-packages:${PYTHONPATH} /usr/bin/python3 setup.py egg_info --egg-base build/task build --build-base /home/farraj/ros2_ws/src/task/build/task/build install --record /home/farraj/ros2_ws/src/task/build/task/install.log --single-version-externally-managed
[0.481s] running egg_info
[0.481s] creating build/task/task.egg-info
[0.481s] writing build/task/task.egg-info/PKG-INFO
[0.482s] writing dependency_links to build/task/task.egg-info/dependency_links.txt
[0.482s] writing entry points to build/task/task.egg-info/entry_points.txt
[0.482s] writing requirements to build/task/task.egg-info/requires.txt
[0.482s] writing top-level names to build/task/task.egg-info/top_level.txt
[0.482s] writing manifest file 'build/task/task.egg-info/SOURCES.txt'
[0.483s] reading manifest file 'build/task/task.egg-info/SOURCES.txt'
[0.483s] adding license file 'LICENSE'
[0.483s] writing manifest file 'build/task/task.egg-info/SOURCES.txt'
[0.483s] running build
[0.483s] running build_py
[0.483s] creating /home/farraj/ros2_ws/src/task/build/task/build
[0.484s] creating /home/farraj/ros2_ws/src/task/build/task/build/lib
[0.485s] creating /home/farraj/ros2_ws/src/task/build/task/build/lib/task
[0.485s] copying task/__init__.py -> /home/farraj/ros2_ws/src/task/build/task/build/lib/task
[0.485s] copying task/steering_visualization.py -> /home/farraj/ros2_ws/src/task/build/task/build/lib/task
[0.485s] running install
[0.485s] /usr/lib/python3/dist-packages/setuptools/command/install.py:34: SetuptoolsDeprecationWarning: setup.py install is deprecated. Use build and pip and other standards-based tools.
[0.485s]   warnings.warn(
[0.486s] running install_lib
[0.486s] creating /home/farraj/ros2_ws/src/task/install/task/lib/python3.10/site-packages/task
[0.487s] copying /home/farraj/ros2_ws/src/task/build/task/build/lib/task/__init__.py -> /home/farraj/ros2_ws/src/task/install/task/lib/python3.10/site-packages/task
[0.487s] copying /home/farraj/ros2_ws/src/task/build/task/build/lib/task/steering_visualization.py -> /home/farraj/ros2_ws/src/task/install/task/lib/python3.10/site-packages/task
[0.487s] byte-compiling /home/farraj/ros2_ws/src/task/install/task/lib/python3.10/site-packages/task/__init__.py to __init__.cpython-310.pyc
[0.488s] byte-compiling /home/farraj/ros2_ws/src/task/install/task/lib/python3.10/site-packages/task/steering_visualization.py to steering_visualization.cpython-310.pyc
[0.488s] running install_data
[0.489s] creating /home/farraj/ros2_ws/src/task/install/task/share/ament_index
[0.489s] creating /home/farraj/ros2_ws/src/task/install/task/share/ament_index/resource_index
[0.489s] creating /home/farraj/ros2_ws/src/task/install/task/share/ament_index/resource_index/packages
[0.489s] copying resource/task -> /home/farraj/ros2_ws/src/task/install/task/share/ament_index/resource_index/packages
[0.489s] copying package.xml -> /home/farraj/ros2_ws/src/task/install/task/share/task
[0.489s] warning: install_data: setup script did not provide a directory for 'task/steering_visualization.py' -- installing right in '/home/farraj/ros2_ws/src/task/install/task'
[0.489s] 
[0.490s] copying task/steering_visualization.py -> /home/farraj/ros2_ws/src/task/install/task
[0.490s] running install_egg_info
[0.490s] Copying build/task/task.egg-info to /home/farraj/ros2_ws/src/task/install/task/lib/python3.10/site-packages/task-0.0.0-py3.10.egg-info
[0.491s] running install_scripts
[0.506s] Installing task script to /home/farraj/ros2_ws/src/task/install/task/lib/task
[0.506s] writing list of installed files to '/home/farraj/ros2_ws/src/task/build/task/install.log'
[0.524s] Invoked command in '/home/farraj/ros2_ws/src/task' returned '0': PYTHONPATH=/home/farraj/ros2_ws/src/task/build/task/prefix_override:/home/farraj/ros2_ws/src/task/install/task/lib/python3.10/site-packages:${PYTHONPATH} /usr/bin/python3 setup.py egg_info --egg-base build/task build --build-base /home/farraj/ros2_ws/src/task/build/task/build install --record /home/farraj/ros2_ws/src/task/build/task/install.log --single-version-externally-managed
